<?xml version="1.0" encoding="UTF-8"?>
<!-- Generated by org.testng.reporters.JUnitXMLReporter -->
<testsuite hostname="LAPTOP32" ignored="0" name="Test" tests="3" failures="1" timestamp="03 Jun 2019 11:54:29 GMT" time="0.088" errors="0">
  <testcase name="Test1" time="0.021" classname="kovair.JenkinsIntegration.JenkinsIntegrationClass">
    <failure type="java.lang.AssertionError" message="null">
      <![CDATA[java.lang.AssertionError: null
at kovair.JenkinsIntegration.JenkinsIntegrationClass.Test1(JenkinsIntegrationClass.java:13)
... Removed 27 stack frames]]>
    </failure>
  </testcase> <!-- Test1 -->
  <testcase name="Test2" time="0.002" classname="kovair.JenkinsIntegration.JenkinsIntegrationClass"/>
  <testcase name="Test3" time="0.001" classname="kovair.JenkinsIntegration.JenkinsIntegrationClass"/>
</testsuite> <!-- Test -->
